#
# There is insufficient memory for the Java Runtime Environment to continue.
# Native memory allocation (malloc) failed to allocate 715849728 bytes for committing reserved memory.
# Possible reasons:
#   The system is out of physical RAM or swap space
#   In 32 bit mode, the process size limit was hit
# Possible solutions:
#   Reduce memory load on the system
#   Increase physical memory or swap space
#   Check if swap backing store is full
#   Use 64 bit Java on a 64 bit OS
#   Decrease Java heap size (-Xmx/-Xms)
#   Decrease number of Java threads
#   Decrease Java thread stack sizes (-Xss)
#   Set larger code cache with -XX:ReservedCodeCacheSize=
# This output file may be truncated or incomplete.
#
#  Out of Memory Error (os_linux.cpp:2809), pid=27380, tid=140222841349888
#
# JRE version:  (7.0_79-b14) (build )
# Java VM: OpenJDK 64-Bit Server VM (24.79-b02 mixed mode linux-amd64 compressed oops)
# Derivative: IcedTea 2.5.6
# Distribution: Ubuntu 14.04 LTS, package 7u79-2.5.6-0ubuntu1.14.04.1
# Failed to write core dump. Core dumps have been disabled. To enable core dumping, try "ulimit -c unlimited" before starting Java again
#

---------------  T H R E A D  ---------------

Current thread (0x00007f882400a000):  JavaThread "Unknown thread" [_thread_in_vm, id=27381, stack(0x00007f882c95e000,0x00007f882ca5f000)]

Stack: [0x00007f882c95e000,0x00007f882ca5f000],  sp=0x00007f882ca5d390,  free space=1020k
Native frames: (J=compiled Java code, j=interpreted, Vv=VM code, C=native code)
V  [libjvm.so+0x94afd5]  VMError::report_and_die()+0x175
V  [libjvm.so+0x48b9f4]  report_vm_out_of_memory(char const*, int, unsigned long, char const*)+0x74
V  [libjvm.so+0x7c809b]  os::pd_commit_memory(char*, unsigned long, unsigned long, bool)+0xeb
V  [libjvm.so+0x7c2b3f]  os::commit_memory(char*, unsigned long, unsigned long, bool)+0x1f
V  [libjvm.so+0x947ec4]  VirtualSpace::expand_by(unsigned long, bool)+0x1c4
V  [libjvm.so+0x5624bb]  CardGeneration::CardGeneration(ReservedSpace, unsigned long, int, GenRemSet*)+0x11b
V  [libjvm.so+0x8f6a33]  TenuredGeneration::TenuredGeneration(ReservedSpace, unsigned long, int, GenRemSet*)+0x83
V  [libjvm.so+0x562fb9]  GenerationSpec::init(ReservedSpace, int, GenRemSet*)+0x139
V  [libjvm.so+0x5551c2]  GenCollectedHeap::initialize()+0x312
V  [libjvm.so+0x91ba47]  Universe::initialize_heap()+0xc7
V  [libjvm.so+0x91bd77]  universe_init()+0x67
V  [libjvm.so+0x59d2d5]  init_globals()+0x55
V  [libjvm.so+0x8fe75f]  Threads::create_vm(JavaVMInitArgs*, bool*)+0x35f
V  [libjvm.so+0x608654]  JNI_CreateJavaVM+0x54
C  [libjli.so+0x2b48]


---------------  P R O C E S S  ---------------

Java Threads: ( => current thread )

Other Threads:

=>0x00007f882400a000 (exited) JavaThread "Unknown thread" [_thread_in_vm, id=27381, stack(0x00007f882c95e000,0x00007f882ca5f000)]

VM state:not at safepoint (not fully initialized)

VM Mutex/Monitor currently owned by a thread: None

GC Heap History (0 events):
No events

Deoptimization events (0 events):
No events

Internal exceptions (0 events):
No events

Events (0 events):
No events


Dynamic libraries:
00400000-00401000 r-xp 00000000 fd:01 924821                             /usr/lib/jvm/java-7-openjdk-amd64/jre/bin/java
00600000-00601000 r--p 00000000 fd:01 924821                             /usr/lib/jvm/java-7-openjdk-amd64/jre/bin/java
00601000-00602000 rw-p 00001000 fd:01 924821                             /usr/lib/jvm/java-7-openjdk-amd64/jre/bin/java
01365000-01386000 rw-p 00000000 00:00 0                                  [heap]
b0000000-c5550000 rw-p 00000000 00:00 0 
f0000000-100000000 rw-p 00000000 00:00 0 
7f881c000000-7f881c270000 rwxp 00000000 00:00 0 
7f881c270000-7f8824024000 rw-p 00000000 00:00 0 
7f8824024000-7f8828000000 ---p 00000000 00:00 0 
7f8828fbc000-7f88291c8000 rw-p 00000000 00:00 0 
7f88291c8000-7f882939d000 rw-p 00000000 00:00 0 
7f882939d000-7f88293a8000 rw-p 00000000 00:00 0 
7f88293a8000-7f882959e000 rw-p 00000000 00:00 0 
7f882959e000-7f88295a6000 r-xp 00000000 fd:01 923996                     /usr/lib/jvm/java-7-openjdk-amd64/jre/lib/amd64/libzip.so
7f88295a6000-7f88297a5000 ---p 00008000 fd:01 923996                     /usr/lib/jvm/java-7-openjdk-amd64/jre/lib/amd64/libzip.so
7f88297a5000-7f88297a6000 r--p 00007000 fd:01 923996                     /usr/lib/jvm/java-7-openjdk-amd64/jre/lib/amd64/libzip.so
7f88297a6000-7f88297a7000 rw-p 00008000 fd:01 923996                     /usr/lib/jvm/java-7-openjdk-amd64/jre/lib/amd64/libzip.so
7f88297a7000-7f88297b2000 r-xp 00000000 fd:01 393315                     /lib/x86_64-linux-gnu/libnss_files-2.19.so
7f88297b2000-7f88299b1000 ---p 0000b000 fd:01 393315                     /lib/x86_64-linux-gnu/libnss_files-2.19.so
7f88299b1000-7f88299b2000 r--p 0000a000 fd:01 393315                     /lib/x86_64-linux-gnu/libnss_files-2.19.so
7f88299b2000-7f88299b3000 rw-p 0000b000 fd:01 393315                     /lib/x86_64-linux-gnu/libnss_files-2.19.so
7f88299b3000-7f88299be000 r-xp 00000000 fd:01 407264                     /lib/x86_64-linux-gnu/libnss_nis-2.19.so
7f88299be000-7f8829bbd000 ---p 0000b000 fd:01 407264                     /lib/x86_64-linux-gnu/libnss_nis-2.19.so
7f8829bbd000-7f8829bbe000 r--p 0000a000 fd:01 407264                     /lib/x86_64-linux-gnu/libnss_nis-2.19.so
7f8829bbe000-7f8829bbf000 rw-p 0000b000 fd:01 407264                     /lib/x86_64-linux-gnu/libnss_nis-2.19.so
7f8829bbf000-7f8829bd6000 r-xp 00000000 fd:01 393450                     /lib/x86_64-linux-gnu/libnsl-2.19.so
7f8829bd6000-7f8829dd5000 ---p 00017000 fd:01 393450                     /lib/x86_64-linux-gnu/libnsl-2.19.so
7f8829dd5000-7f8829dd6000 r--p 00016000 fd:01 393450                     /lib/x86_64-linux-gnu/libnsl-2.19.so
7f8829dd6000-7f8829dd7000 rw-p 00017000 fd:01 393450                     /lib/x86_64-linux-gnu/libnsl-2.19.so
7f8829dd7000-7f8829dd9000 rw-p 00000000 00:00 0 
7f8829dd9000-7f8829de2000 r-xp 00000000 fd:01 393415                     /lib/x86_64-linux-gnu/libnss_compat-2.19.so
7f8829de2000-7f8829fe1000 ---p 00009000 fd:01 393415                     /lib/x86_64-linux-gnu/libnss_compat-2.19.so
7f8829fe1000-7f8829fe2000 r--p 00008000 fd:01 393415                     /lib/x86_64-linux-gnu/libnss_compat-2.19.so
7f8829fe2000-7f8829fe3000 rw-p 00009000 fd:01 393415                     /lib/x86_64-linux-gnu/libnss_compat-2.19.so
7f8829fe3000-7f882a00e000 r-xp 00000000 fd:01 924031                     /usr/lib/jvm/java-7-openjdk-amd64/jre/lib/amd64/libjava.so
7f882a00e000-7f882a20d000 ---p 0002b000 fd:01 924031                     /usr/lib/jvm/java-7-openjdk-amd64/jre/lib/amd64/libjava.so
7f882a20d000-7f882a20e000 r--p 0002a000 fd:01 924031                     /usr/lib/jvm/java-7-openjdk-amd64/jre/lib/amd64/libjava.so
7f882a20e000-7f882a210000 rw-p 0002b000 fd:01 924031                     /usr/lib/jvm/java-7-openjdk-amd64/jre/lib/amd64/libjava.so
7f882a210000-7f882a220000 r-xp 00000000 fd:01 924012                     /usr/lib/jvm/java-7-openjdk-amd64/jre/lib/amd64/libverify.so
7f882a220000-7f882a41f000 ---p 00010000 fd:01 924012                     /usr/lib/jvm/java-7-openjdk-amd64/jre/lib/amd64/libverify.so
7f882a41f000-7f882a421000 r--p 0000f000 fd:01 924012                     /usr/lib/jvm/java-7-openjdk-amd64/jre/lib/amd64/libverify.so
7f882a421000-7f882a422000 rw-p 00011000 fd:01 924012                     /usr/lib/jvm/java-7-openjdk-amd64/jre/lib/amd64/libverify.so
7f882a422000-7f882a429000 r-xp 00000000 fd:01 407261                     /lib/x86_64-linux-gnu/librt-2.19.so
7f882a429000-7f882a628000 ---p 00007000 fd:01 407261                     /lib/x86_64-linux-gnu/librt-2.19.so
7f882a628000-7f882a629000 r--p 00006000 fd:01 407261                     /lib/x86_64-linux-gnu/librt-2.19.so
7f882a629000-7f882a62a000 rw-p 00007000 fd:01 407261                     /lib/x86_64-linux-gnu/librt-2.19.so
7f882a62a000-7f882a640000 r-xp 00000000 fd:01 393365                     /lib/x86_64-linux-gnu/libgcc_s.so.1
7f882a640000-7f882a83f000 ---p 00016000 fd:01 393365                     /lib/x86_64-linux-gnu/libgcc_s.so.1
7f882a83f000-7f882a840000 rw-p 00015000 fd:01 393365                     /lib/x86_64-linux-gnu/libgcc_s.so.1
7f882a840000-7f882a945000 r-xp 00000000 fd:01 393312                     /lib/x86_64-linux-gnu/libm-2.19.so
7f882a945000-7f882ab44000 ---p 00105000 fd:01 393312                     /lib/x86_64-linux-gnu/libm-2.19.so
7f882ab44000-7f882ab45000 r--p 00104000 fd:01 393312                     /lib/x86_64-linux-gnu/libm-2.19.so
7f882ab45000-7f882ab46000 rw-p 00105000 fd:01 393312                     /lib/x86_64-linux-gnu/libm-2.19.so
7f882ab46000-7f882ac2c000 r-xp 00000000 fd:01 917891                     /usr/lib/x86_64-linux-gnu/libstdc++.so.6.0.19
7f882ac2c000-7f882ae2b000 ---p 000e6000 fd:01 917891                     /usr/lib/x86_64-linux-gnu/libstdc++.so.6.0.19
7f882ae2b000-7f882ae33000 r--p 000e5000 fd:01 917891                     /usr/lib/x86_64-linux-gnu/libstdc++.so.6.0.19
7f882ae33000-7f882ae35000 rw-p 000ed000 fd:01 917891                     /usr/lib/x86_64-linux-gnu/libstdc++.so.6.0.19
7f882ae35000-7f882ae4a000 rw-p 00000000 00:00 0 
7f882ae4a000-7f882b963000 r-xp 00000000 fd:01 924000                     /usr/lib/jvm/java-7-openjdk-amd64/jre/lib/amd64/server/libjvm.so
7f882b963000-7f882bb63000 ---p 00b19000 fd:01 924000                     /usr/lib/jvm/java-7-openjdk-amd64/jre/lib/amd64/server/libjvm.so
7f882bb63000-7f882bbfd000 r--p 00b19000 fd:01 924000                     /usr/lib/jvm/java-7-openjdk-amd64/jre/lib/amd64/server/libjvm.so
7f882bbfd000-7f882bc20000 rw-p 00bb3000 fd:01 924000                     /usr/lib/jvm/java-7-openjdk-amd64/jre/lib/amd64/server/libjvm.so
7f882bc20000-7f882bc4e000 rw-p 00000000 00:00 0 
7f882bc4e000-7f882bc66000 r-xp 00000000 fd:01 393502                     /lib/x86_64-linux-gnu/libz.so.1.2.8
7f882bc66000-7f882be65000 ---p 00018000 fd:01 393502                     /lib/x86_64-linux-gnu/libz.so.1.2.8
7f882be65000-7f882be66000 r--p 00017000 fd:01 393502                     /lib/x86_64-linux-gnu/libz.so.1.2.8
7f882be66000-7f882be67000 rw-p 00018000 fd:01 393502                     /lib/x86_64-linux-gnu/libz.so.1.2.8
7f882be67000-7f882be80000 r-xp 00000000 fd:01 395439                     /lib/x86_64-linux-gnu/libpthread-2.19.so
7f882be80000-7f882c07f000 ---p 00019000 fd:01 395439                     /lib/x86_64-linux-gnu/libpthread-2.19.so
7f882c07f000-7f882c080000 r--p 00018000 fd:01 395439                     /lib/x86_64-linux-gnu/libpthread-2.19.so
7f882c080000-7f882c081000 rw-p 00019000 fd:01 395439                     /lib/x86_64-linux-gnu/libpthread-2.19.so
7f882c081000-7f882c085000 rw-p 00000000 00:00 0 
7f882c085000-7f882c088000 r-xp 00000000 fd:01 393349                     /lib/x86_64-linux-gnu/libdl-2.19.so
7f882c088000-7f882c287000 ---p 00003000 fd:01 393349                     /lib/x86_64-linux-gnu/libdl-2.19.so
7f882c287000-7f882c288000 r--p 00002000 fd:01 393349                     /lib/x86_64-linux-gnu/libdl-2.19.so
7f882c288000-7f882c289000 rw-p 00003000 fd:01 393349                     /lib/x86_64-linux-gnu/libdl-2.19.so
7f882c289000-7f882c444000 r-xp 00000000 fd:01 395413                     /lib/x86_64-linux-gnu/libc-2.19.so
7f882c444000-7f882c643000 ---p 001bb000 fd:01 395413                     /lib/x86_64-linux-gnu/libc-2.19.so
7f882c643000-7f882c647000 r--p 001ba000 fd:01 395413                     /lib/x86_64-linux-gnu/libc-2.19.so
7f882c647000-7f882c649000 rw-p 001be000 fd:01 395413                     /lib/x86_64-linux-gnu/libc-2.19.so
7f882c649000-7f882c64e000 rw-p 00000000 00:00 0 
7f882c64e000-7f882c65b000 r-xp 00000000 fd:01 923998                     /usr/lib/jvm/java-7-openjdk-amd64/jre/lib/amd64/jli/libjli.so
7f882c65b000-7f882c85a000 ---p 0000d000 fd:01 923998                     /usr/lib/jvm/java-7-openjdk-amd64/jre/lib/amd64/jli/libjli.so
7f882c85a000-7f882c85b000 r--p 0000c000 fd:01 923998                     /usr/lib/jvm/java-7-openjdk-amd64/jre/lib/amd64/jli/libjli.so
7f882c85b000-7f882c85c000 rw-p 0000d000 fd:01 923998                     /usr/lib/jvm/java-7-openjdk-amd64/jre/lib/amd64/jli/libjli.so
7f882c85c000-7f882c87f000 r-xp 00000000 fd:01 393486                     /lib/x86_64-linux-gnu/ld-2.19.so
7f882c885000-7f882c95e000 rw-p 00000000 00:00 0 
7f882c95e000-7f882c961000 ---p 00000000 00:00 0 
7f882c961000-7f882ca64000 rw-p 00000000 00:00 0                          [stack:27381]
7f882ca70000-7f882ca72000 rw-p 00000000 00:00 0 
7f882ca72000-7f882ca7a000 rw-s 00000000 fd:01 482765                     /tmp/hsperfdata_niole/27380
7f882ca7a000-7f882ca7b000 rw-p 00000000 00:00 0 
7f882ca7b000-7f882ca7c000 r--p 00000000 00:00 0 
7f882ca7c000-7f882ca7e000 rw-p 00000000 00:00 0 
7f882ca7e000-7f882ca7f000 r--p 00022000 fd:01 393486                     /lib/x86_64-linux-gnu/ld-2.19.so
7f882ca7f000-7f882ca80000 rw-p 00023000 fd:01 393486                     /lib/x86_64-linux-gnu/ld-2.19.so
7f882ca80000-7f882ca81000 rw-p 00000000 00:00 0 
7fff87948000-7fff87969000 rw-p 00000000 00:00 0                          [stack]
7fff879fc000-7fff879fe000 r-xp 00000000 00:00 0                          [vdso]
ffffffffff600000-ffffffffff601000 r-xp 00000000 00:00 0                  [vsyscall]

VM Arguments:
jvm_args: -Xms1024m -Xmx1024m -XX:ReservedCodeCacheSize=128m -XX:MaxPermSize=256m 
java_command: /usr/share/sbt-launcher-packaging/bin/sbt-launch.jar
Launcher Type: SUN_STANDARD

Environment Variables:
PATH=/usr/local/bin:/usr/local/sbin:/home/niole/bin:/home/niole/local-sw/bin:/home/niole/.rvm/gems/ruby-2.2.1/bin:/home/niole/.rvm/gems/ruby-2.2.1@global/bin:/home/niole/.rvm/rubies/ruby-2.2.1/bin:/usr/sbin:/usr/bin:/sbin:/bin:/usr/games:/usr/local/games:/home/niole/.rvm/bin:/home/niole/.rvm/bin:/home/niole/.rvm/bin
SHELL=/bin/zsh

Signal Handlers:
SIGSEGV: [libjvm.so+0x94bab0], sa_mask[0]=0x7ffbfeff, sa_flags=0x10000004
SIGBUS: [libjvm.so+0x94bab0], sa_mask[0]=0x7ffbfeff, sa_flags=0x10000004
SIGFPE: [libjvm.so+0x7c38b0], sa_mask[0]=0x7ffbfeff, sa_flags=0x10000004
SIGPIPE: [libjvm.so+0x7c38b0], sa_mask[0]=0x7ffbfeff, sa_flags=0x10000004
SIGXFSZ: [libjvm.so+0x7c38b0], sa_mask[0]=0x7ffbfeff, sa_flags=0x10000004
SIGILL: [libjvm.so+0x7c38b0], sa_mask[0]=0x7ffbfeff, sa_flags=0x10000004
SIGUSR1: SIG_DFL, sa_mask[0]=0x00000000, sa_flags=0x00000000
SIGUSR2: [libjvm.so+0x7c3750], sa_mask[0]=0x00000000, sa_flags=0x10000004
SIGHUP: SIG_DFL, sa_mask[0]=0x00000000, sa_flags=0x00000000
SIGINT: SIG_DFL, sa_mask[0]=0x00000000, sa_flags=0x00000000
SIGTERM: SIG_DFL, sa_mask[0]=0x00000000, sa_flags=0x00000000
SIGQUIT: SIG_DFL, sa_mask[0]=0x00000000, sa_flags=0x00000000
SIGTRAP: SIG_DFL, sa_mask[0]=0x00000000, sa_flags=0x00000000


---------------  S Y S T E M  ---------------

OS:Ubuntu 14.04 (trusty)
uname:Linux 3.13.0-37-generic #64-Ubuntu SMP Mon Sep 22 21:28:38 UTC 2014 x86_64
libc:glibc 2.19 NPTL 2.19 
rlimit: STACK 8192k, CORE 0k, NPROC 7782, NOFILE 4096, AS infinity
load average:0.01 0.04 0.05

/proc/meminfo:
MemTotal:        1017888 kB
MemFree:           72512 kB
Buffers:           54900 kB
Cached:           305584 kB
SwapCached:        43012 kB
Active:           358312 kB
Inactive:         519196 kB
Active(anon):     247672 kB
Inactive(anon):   273404 kB
Active(file):     110640 kB
Inactive(file):   245792 kB
Unevictable:           0 kB
Mlocked:               0 kB
SwapTotal:        262140 kB
SwapFree:            656 kB
Dirty:                 0 kB
Writeback:             0 kB
AnonPages:        474052 kB
Mapped:            16940 kB
Shmem:              4056 kB
Slab:              48100 kB
SReclaimable:      36436 kB
SUnreclaim:        11664 kB
KernelStack:        1032 kB
PageTables:         7864 kB
NFS_Unstable:          0 kB
Bounce:                0 kB
WritebackTmp:          0 kB
CommitLimit:      771084 kB
Committed_AS:    1874236 kB
VmallocTotal:   34359738367 kB
VmallocUsed:        4596 kB
VmallocChunk:   34359706116 kB
HardwareCorrupted:     0 kB
AnonHugePages:     53248 kB
HugePages_Total:       0
HugePages_Free:        0
HugePages_Rsvd:        0
HugePages_Surp:        0
Hugepagesize:       2048 kB
DirectMap4k:       14328 kB
DirectMap2M:     1034240 kB
DirectMap1G:           0 kB


CPU:total 1 (1 cores per cpu, 1 threads per core) family 6 model 62 stepping 4, cmov, cx8, fxsr, mmx, sse, sse2, sse3, ssse3, sse4.1, sse4.2, popcnt, avx, aes, erms, tsc

/proc/cpuinfo:
processor	: 0
vendor_id	: GenuineIntel
cpu family	: 6
model		: 62
model name	: Intel(R) Xeon(R) CPU E5-2630L v2 @ 2.40GHz
stepping	: 4
microcode	: 0x1
cpu MHz		: 2399.998
cache size	: 15360 KB
physical id	: 0
siblings	: 1
core id		: 0
cpu cores	: 1
apicid		: 0
initial apicid	: 0
fpu		: yes
fpu_exception	: yes
cpuid level	: 13
wp		: yes
flags		: fpu vme de pse tsc msr pae mce cx8 apic sep mtrr pge mca cmov pat pse36 clflush mmx fxsr sse sse2 ss syscall nx pdpe1gb rdtscp lm constant_tsc arch_perfmon rep_good nopl eagerfpu pni pclmulqdq vmx ssse3 cx16 pcid sse4_1 sse4_2 x2apic popcnt tsc_deadline_timer aes xsave avx f16c rdrand hypervisor lahf_lm xsaveopt vnmi ept fsgsbase tsc_adjust smep erms
bogomips	: 4799.99
clflush size	: 64
cache_alignment	: 64
address sizes	: 40 bits physical, 48 bits virtual
power management:



Memory: 4k page, physical 1017888k(72512k free), swap 262140k(656k free)

vm_info: OpenJDK 64-Bit Server VM (24.79-b02) for linux-amd64 JRE (1.7.0_79-b14), built on Jul 24 2015 08:15:54 by "buildd" with gcc 4.8.2

time: Sat Oct 17 18:27:32 2015
elapsed time: 0 seconds

